Using pre-set license
Built from '2020.2/staging' branch; Version is '2020.2.3f1 (8ff31bc5bf5b) revision 9433883'; Using compiler version '192528614'; Build Type 'Release'
OS: 'Windows 10 Home; OS build 19042.985; Version 2009; 64bit' Language: 'ru' Physical Memory: 8155 MB
BatchMode: 1, IsHumanControllingUs: 0, StartBugReporterOnCrash: 0, Is64bit: 1, IsPro: 0

 COMMAND LINE ARGUMENTS:
C:\Program Files\Unity\Hub\Editor\2020.2.3f1\Editor\Unity.exe
-adb2
-batchMode
-noUpm
-name
AssetImportWorker0
-projectPath
C:/Users/grisholq/Desktop/Snake Test/Snake
-logFile
Logs/AssetImportWorker0.log
-srvPort
53453
Successfully changed project path to: C:/Users/grisholq/Desktop/Snake Test/Snake
C:/Users/grisholq/Desktop/Snake Test/Snake
Using Asset Import Pipeline V2.
Refreshing native plugins compatible for Editor in 10.61 ms, found 0 plugins.
Preloading 0 native plugins for Editor in 0.00 ms.
Initialize engine version: 2020.2.3f1 (8ff31bc5bf5b)
[Subsystems] Discovering subsystems at path C:/Program Files/Unity/Hub/Editor/2020.2.3f1/Editor/Data/Resources/UnitySubsystems
[Subsystems] Discovering subsystems at path C:/Users/grisholq/Desktop/Snake Test/Snake/Assets
GfxDevice: creating device client; threaded=0
Direct3D:
    Version:  Direct3D 11.0 [level 11.1]
    Renderer: NVIDIA GeForce GTX 1050 Ti (ID=0x1c82)
    Vendor:   
    VRAM:     4018 MB
    Driver:   27.21.14.5671
Initialize mono
Mono path[0] = 'C:/Program Files/Unity/Hub/Editor/2020.2.3f1/Editor/Data/Managed'
Mono path[1] = 'C:/Program Files/Unity/Hub/Editor/2020.2.3f1/Editor/Data/MonoBleedingEdge/lib/mono/unityjit'
Mono config path = 'C:/Program Files/Unity/Hub/Editor/2020.2.3f1/Editor/Data/MonoBleedingEdge/etc'
Using monoOptions --debugger-agent=transport=dt_socket,embedding=1,server=y,suspend=n,address=127.0.0.1:56120
Begin MonoManager ReloadAssembly
Registering precompiled unity dll's ...
Register platform support module: C:/Program Files/Unity/Hub/Editor/2020.2.3f1/Editor/Data/PlaybackEngines/WindowsStandaloneSupport/UnityEditor.WindowsStandalone.Extensions.dll
Registered in 0.002674 seconds.
Native extension for WindowsStandalone target not found
Refreshing native plugins compatible for Editor in 7.30 ms, found 0 plugins.
Preloading 0 native plugins for Editor in 0.00 ms.
Invoked RoslynAnalysisRunner static constructor.
RoslynAnalysisRunner will not be running.
RoslynAnalysisRunner has terminated.
Mono: successfully reloaded assembly
- Completed reload, in  2.808 seconds
Platform modules already initialized, skipping
Registering precompiled user dll's ...
Registered in 0.000056 seconds.
Begin MonoManager ReloadAssembly
Native extension for WindowsStandalone target not found
Refreshing native plugins compatible for Editor in 0.19 ms, found 0 plugins.
Preloading 0 native plugins for Editor in 0.00 ms.
Invoked RoslynAnalysisRunner static constructor.
RoslynAnalysisRunner will not be running.
RoslynAnalysisRunner has terminated.
Mono: successfully reloaded assembly
- Completed reload, in  1.126 seconds
Platform modules already initialized, skipping
========================================================================
Worker process is ready to serve import requests
Launched and connected shader compiler UnityShaderCompiler.exe after 0.09 seconds
Refreshing native plugins compatible for Editor in 0.14 ms, found 0 plugins.
Preloading 0 native plugins for Editor in 0.00 ms.
Unloading 389 Unused Serialized files (Serialized files now loaded: 0)
System memory in use before: 39.0 MB.
System memory in use after: 39.0 MB.

Unloading 4 unused Assets to reduce memory usage. Loaded Objects now: 827.
Total: 1.860000 ms (FindLiveObjects: 0.085900 ms CreateObjectMapping: 0.022900 ms MarkObjects: 1.653000 ms  DeleteObjects: 0.096600 ms)

========================================================================
Received Import Request.
  path: Assets/Scripts/Road/Human.cs
  artifactKey: Guid(467088d098feb064ab115ade3d8784aa) Importer(815301076,1909f56bfc062723c751e8b465ee728b)
Start importing Assets/Scripts/Road/Human.cs using Guid(467088d098feb064ab115ade3d8784aa) Importer(815301076,1909f56bfc062723c751e8b465ee728b)  -> (artifact id: 'cd094478d4e0404a858096a07bdc8fd4') in 0.270717 seconds
  Import took 0.286308 seconds .

========================================================================
Received Import Request.
  Time since last request: 0.000402 seconds.
  path: Assets/Scripts/Road/Bomb.cs
  artifactKey: Guid(b14111905ebdadd4797f82ddd0161696) Importer(815301076,1909f56bfc062723c751e8b465ee728b)
Start importing Assets/Scripts/Road/Bomb.cs using Guid(b14111905ebdadd4797f82ddd0161696) Importer(815301076,1909f56bfc062723c751e8b465ee728b)  -> (artifact id: '9a9ae640f83bd2c066643247ce27e90c') in 0.023887 seconds
  Import took 0.040436 seconds .

========================================================================
Received Import Request.
  Time since last request: 34.884537 seconds.
  path: Assets/Scripts/Road/Bomb.cs
  artifactKey: Guid(b14111905ebdadd4797f82ddd0161696) Importer(815301076,1909f56bfc062723c751e8b465ee728b)
Start importing Assets/Scripts/Road/Bomb.cs using Guid(b14111905ebdadd4797f82ddd0161696) Importer(815301076,1909f56bfc062723c751e8b465ee728b)  -> (artifact id: '035d5f22ad9e9de33f3e7ac212ac9831') in 0.002989 seconds
  Import took 0.037646 seconds .

========================================================================
Received Prepare
Registering precompiled user dll's ...
Registered in 0.000152 seconds.
Begin MonoManager ReloadAssembly
Native extension for WindowsStandalone target not found
Refreshing native plugins compatible for Editor in 0.14 ms, found 0 plugins.
Preloading 0 native plugins for Editor in 0.00 ms.
Invoked RoslynAnalysisRunner static constructor.
RoslynAnalysisRunner will not be running.
RoslynAnalysisRunner has terminated.
Mono: successfully reloaded assembly
- Completed reload, in  1.017 seconds
Platform modules already initialized, skipping
Refreshing native plugins compatible for Editor in 0.16 ms, found 0 plugins.
Preloading 0 native plugins for Editor in 0.00 ms.
Unloading 371 Unused Serialized files (Serialized files now loaded: 0)
System memory in use before: 37.9 MB.
System memory in use after: 37.9 MB.

Unloading 2 unused Assets to reduce memory usage. Loaded Objects now: 827.
Total: 1.586000 ms (FindLiveObjects: 0.093700 ms CreateObjectMapping: 0.020600 ms MarkObjects: 1.394600 ms  DeleteObjects: 0.075700 ms)

========================================================================
Received Prepare
Registering precompiled user dll's ...
Registered in 0.000045 seconds.
Begin MonoManager ReloadAssembly
Native extension for WindowsStandalone target not found
Refreshing native plugins compatible for Editor in 0.15 ms, found 0 plugins.
Preloading 0 native plugins for Editor in 0.00 ms.
Invoked RoslynAnalysisRunner static constructor.
RoslynAnalysisRunner will not be running.
RoslynAnalysisRunner has terminated.
Mono: successfully reloaded assembly
- Completed reload, in  0.911 seconds
Platform modules already initialized, skipping
Refreshing native plugins compatible for Editor in 0.17 ms, found 0 plugins.
Preloading 0 native plugins for Editor in 0.00 ms.
Unloading 371 Unused Serialized files (Serialized files now loaded: 0)
System memory in use before: 37.9 MB.
System memory in use after: 37.9 MB.

Unloading 2 unused Assets to reduce memory usage. Loaded Objects now: 827.
Total: 1.640400 ms (FindLiveObjects: 0.080000 ms CreateObjectMapping: 0.020000 ms MarkObjects: 1.481700 ms  DeleteObjects: 0.057700 ms)

========================================================================
Received Import Request.
  Time since last request: 137.683723 seconds.
  path: Assets/Prefabs/Road/Bomb/Obstacle.prefab
  artifactKey: Guid(64ca04ce32825c442a506dca3950d8c2) Importer(815301076,1909f56bfc062723c751e8b465ee728b)
Start importing Assets/Prefabs/Road/Bomb/Obstacle.prefab using Guid(64ca04ce32825c442a506dca3950d8c2) Importer(815301076,1909f56bfc062723c751e8b465ee728b)  -> (artifact id: '2487c1923a03dec97473543b27152723') in 0.123227 seconds
  Import took 0.142748 seconds .

========================================================================
Received Import Request.
  Time since last request: 2.779424 seconds.
  path: Assets/Prefabs/Road/Bomb/Bomb.prefab
  artifactKey: Guid(ee3321c8f74d5274aa40874c75d5b076) Importer(815301076,1909f56bfc062723c751e8b465ee728b)
Start importing Assets/Prefabs/Road/Bomb/Bomb.prefab using Guid(ee3321c8f74d5274aa40874c75d5b076) Importer(815301076,1909f56bfc062723c751e8b465ee728b)  -> (artifact id: '5c52defa8b53be667fb179f4536f4e0d') in 0.022496 seconds
  Import took 0.035756 seconds .

========================================================================
Received Prepare
Registering precompiled user dll's ...
Registered in 0.000099 seconds.
Begin MonoManager ReloadAssembly
Native extension for WindowsStandalone target not found
Refreshing native plugins compatible for Editor in 0.15 ms, found 0 plugins.
Preloading 0 native plugins for Editor in 0.00 ms.
Invoked RoslynAnalysisRunner static constructor.
RoslynAnalysisRunner will not be running.
RoslynAnalysisRunner has terminated.
Mono: successfully reloaded assembly
- Completed reload, in  0.892 seconds
Platform modules already initialized, skipping
Refreshing native plugins compatible for Editor in 0.16 ms, found 0 plugins.
Preloading 0 native plugins for Editor in 0.00 ms.
Unloading 371 Unused Serialized files (Serialized files now loaded: 0)
System memory in use before: 41.1 MB.
System memory in use after: 41.1 MB.

Unloading 2 unused Assets to reduce memory usage. Loaded Objects now: 835.
Total: 1.566500 ms (FindLiveObjects: 0.074800 ms CreateObjectMapping: 0.019000 ms MarkObjects: 1.390100 ms  DeleteObjects: 0.081200 ms)

========================================================================
Received Prepare
Registering precompiled user dll's ...
Registered in 0.000104 seconds.
Begin MonoManager ReloadAssembly
Native extension for WindowsStandalone target not found
Refreshing native plugins compatible for Editor in 0.15 ms, found 0 plugins.
Preloading 0 native plugins for Editor in 0.00 ms.
Invoked RoslynAnalysisRunner static constructor.
RoslynAnalysisRunner will not be running.
RoslynAnalysisRunner has terminated.
Mono: successfully reloaded assembly
- Completed reload, in  0.940 seconds
Platform modules already initialized, skipping
Refreshing native plugins compatible for Editor in 0.15 ms, found 0 plugins.
Preloading 0 native plugins for Editor in 0.00 ms.
Unloading 371 Unused Serialized files (Serialized files now loaded: 0)
System memory in use before: 41.1 MB.
System memory in use after: 41.1 MB.

Unloading 2 unused Assets to reduce memory usage. Loaded Objects now: 835.
Total: 1.665000 ms (FindLiveObjects: 0.102700 ms CreateObjectMapping: 0.021100 ms MarkObjects: 1.454900 ms  DeleteObjects: 0.084700 ms)

========================================================================
Received Prepare
Registering precompiled user dll's ...
Registered in 0.000085 seconds.
Begin MonoManager ReloadAssembly
Native extension for WindowsStandalone target not found
Refreshing native plugins compatible for Editor in 0.15 ms, found 0 plugins.
Preloading 0 native plugins for Editor in 0.00 ms.
Invoked RoslynAnalysisRunner static constructor.
RoslynAnalysisRunner will not be running.
RoslynAnalysisRunner has terminated.
Mono: successfully reloaded assembly
- Completed reload, in  0.926 seconds
Platform modules already initialized, skipping
Refreshing native plugins compatible for Editor in 0.15 ms, found 0 plugins.
Preloading 0 native plugins for Editor in 0.00 ms.
Unloading 371 Unused Serialized files (Serialized files now loaded: 0)
System memory in use before: 41.1 MB.
System memory in use after: 41.1 MB.

Unloading 2 unused Assets to reduce memory usage. Loaded Objects now: 835.
Total: 1.568300 ms (FindLiveObjects: 0.099400 ms CreateObjectMapping: 0.028000 ms MarkObjects: 1.379000 ms  DeleteObjects: 0.060500 ms)

========================================================================
Received Prepare
Registering precompiled user dll's ...
Registered in 0.000110 seconds.
Begin MonoManager ReloadAssembly
Native extension for WindowsStandalone target not found
Refreshing native plugins compatible for Editor in 0.15 ms, found 0 plugins.
Preloading 0 native plugins for Editor in 0.00 ms.
Invoked RoslynAnalysisRunner static constructor.
RoslynAnalysisRunner will not be running.
RoslynAnalysisRunner has terminated.
Mono: successfully reloaded assembly
- Completed reload, in  0.915 seconds
Platform modules already initialized, skipping
Refreshing native plugins compatible for Editor in 0.19 ms, found 0 plugins.
Preloading 0 native plugins for Editor in 0.00 ms.
Unloading 371 Unused Serialized files (Serialized files now loaded: 0)
System memory in use before: 41.1 MB.
System memory in use after: 41.1 MB.

Unloading 2 unused Assets to reduce memory usage. Loaded Objects now: 835.
Total: 1.605300 ms (FindLiveObjects: 0.082800 ms CreateObjectMapping: 0.021200 ms MarkObjects: 1.438600 ms  DeleteObjects: 0.061100 ms)

========================================================================
Received Import Request.
  Time since last request: 224.231641 seconds.
  path: ProjectSettings/TagManager.asset
  artifactKey: Guid(00000000000000003000000000000000) Importer(815301076,1909f56bfc062723c751e8b465ee728b)
Start importing ProjectSettings/TagManager.asset using Guid(00000000000000003000000000000000) Importer(815301076,1909f56bfc062723c751e8b465ee728b)  -> (artifact id: '3feff5fae10247456117a9ccebeb351d') in 0.058866 seconds
  Import took 0.094409 seconds .

========================================================================
Received Import Request.
  Time since last request: 0.002033 seconds.
  path: ProjectSettings/TagManager.asset
  artifactKey: Guid(00000000000000003000000000000000) Importer(815301076,1909f56bfc062723c751e8b465ee728b)
Start importing ProjectSettings/TagManager.asset using Guid(00000000000000003000000000000000) Importer(815301076,1909f56bfc062723c751e8b465ee728b)  -> (artifact id: '3feff5fae10247456117a9ccebeb351d') in 0.004803 seconds
  Import took 0.006159 seconds .

========================================================================
Received Import Request.
  Time since last request: 124.779968 seconds.
  path: Assets/Scripts/Snake/SnakeHeadCollider.cs
  artifactKey: Guid(bf3c0d9fd28d0814595e14118c6f93a7) Importer(815301076,1909f56bfc062723c751e8b465ee728b)
Start importing Assets/Scripts/Snake/SnakeHeadCollider.cs using Guid(bf3c0d9fd28d0814595e14118c6f93a7) Importer(815301076,1909f56bfc062723c751e8b465ee728b)  -> (artifact id: '1d427b3c328d355302bd08c9ab7d29a9') in 0.013754 seconds
  Import took 0.015338 seconds .

========================================================================
Received Import Request.
  Time since last request: 19.792888 seconds.
  path: Assets/Scripts/Snake/SnakeHead
  artifactKey: Guid(f6f7483448366d1498726e19d0007c87) Importer(815301076,1909f56bfc062723c751e8b465ee728b)
Start importing Assets/Scripts/Snake/SnakeHead using Guid(f6f7483448366d1498726e19d0007c87) Importer(815301076,1909f56bfc062723c751e8b465ee728b)  -> (artifact id: '5dd85286255c04aeb94dc04260a55018') in 0.010998 seconds
  Import took 0.026266 seconds .

========================================================================
Received Import Request.
  Time since last request: 0.008632 seconds.
  path: Assets/Scripts/Snake/SnakeHead
  artifactKey: Guid(f6f7483448366d1498726e19d0007c87) Importer(815301076,1909f56bfc062723c751e8b465ee728b)
Start importing Assets/Scripts/Snake/SnakeHead using Guid(f6f7483448366d1498726e19d0007c87) Importer(815301076,1909f56bfc062723c751e8b465ee728b)  -> (artifact id: '5dd85286255c04aeb94dc04260a55018') in 0.003752 seconds
  Import took 0.005156 seconds .

========================================================================
Received Import Request.
  Time since last request: 7.438750 seconds.
  path: Assets/Scripts/Snake/SnakeHead.cs
  artifactKey: Guid(a9beef08543fa0d469bde23a24b49b80) Importer(815301076,1909f56bfc062723c751e8b465ee728b)
Start importing Assets/Scripts/Snake/SnakeHead.cs using Guid(a9beef08543fa0d469bde23a24b49b80) Importer(815301076,1909f56bfc062723c751e8b465ee728b)  -> (artifact id: '5ecd62c49d571483c85b37d82fdb28b6') in 0.003766 seconds
  Import took 0.005550 seconds .

========================================================================
Received Import Request.
  Time since last request: 0.000887 seconds.
  path: Assets/Scripts/Snake/SnakeHead.cs
  artifactKey: Guid(a9beef08543fa0d469bde23a24b49b80) Importer(815301076,1909f56bfc062723c751e8b465ee728b)
Start importing Assets/Scripts/Snake/SnakeHead.cs using Guid(a9beef08543fa0d469bde23a24b49b80) Importer(815301076,1909f56bfc062723c751e8b465ee728b)  -> (artifact id: '5ecd62c49d571483c85b37d82fdb28b6') in 0.003794 seconds
  Import took 0.005423 seconds .

========================================================================
Received Prepare
Registering precompiled user dll's ...
Registered in 0.000055 seconds.
Begin MonoManager ReloadAssembly
Native extension for WindowsStandalone target not found
Refreshing native plugins compatible for Editor in 0.15 ms, found 0 plugins.
Preloading 0 native plugins for Editor in 0.00 ms.
Invoked RoslynAnalysisRunner static constructor.
RoslynAnalysisRunner will not be running.
RoslynAnalysisRunner has terminated.
Mono: successfully reloaded assembly
- Completed reload, in  0.970 seconds
Platform modules already initialized, skipping
Refreshing native plugins compatible for Editor in 0.15 ms, found 0 plugins.
Preloading 0 native plugins for Editor in 0.00 ms.
Unloading 371 Unused Serialized files (Serialized files now loaded: 0)
System memory in use before: 41.1 MB.
System memory in use after: 41.1 MB.

Unloading 4 unused Assets to reduce memory usage. Loaded Objects now: 835.
Total: 1.519900 ms (FindLiveObjects: 0.090600 ms CreateObjectMapping: 0.029400 ms MarkObjects: 1.323300 ms  DeleteObjects: 0.075400 ms)

========================================================================
Received Import Request.
  Time since last request: 56.047559 seconds.
  path: Assets/Scripts/Snake/SnakeHead.cs
  artifactKey: Guid(a9beef08543fa0d469bde23a24b49b80) Importer(815301076,1909f56bfc062723c751e8b465ee728b)
Start importing Assets/Scripts/Snake/SnakeHead.cs using Guid(a9beef08543fa0d469bde23a24b49b80) Importer(815301076,1909f56bfc062723c751e8b465ee728b)  -> (artifact id: '5f490af5bf0585c1485d5aa4d73a8443') in 0.005749 seconds
  Import took 0.039191 seconds .

========================================================================
Received Import Request.
  Time since last request: 10.333900 seconds.
  path: Assets/Scripts/Other/CollisionEvent.cs
  artifactKey: Guid(92439e9993e897e46946649cd64c8765) Importer(815301076,1909f56bfc062723c751e8b465ee728b)
Start importing Assets/Scripts/Other/CollisionEvent.cs using Guid(92439e9993e897e46946649cd64c8765) Importer(815301076,1909f56bfc062723c751e8b465ee728b)  -> (artifact id: '05b2822aabe062226deeba64143afddf') in 0.010121 seconds
  Import took 0.015234 seconds .

========================================================================
Received Prepare
Registering precompiled user dll's ...
Registered in 0.000076 seconds.
Begin MonoManager ReloadAssembly
Native extension for WindowsStandalone target not found
Refreshing native plugins compatible for Editor in 0.15 ms, found 0 plugins.
Preloading 0 native plugins for Editor in 0.00 ms.
Invoked RoslynAnalysisRunner static constructor.
RoslynAnalysisRunner will not be running.
RoslynAnalysisRunner has terminated.
Mono: successfully reloaded assembly
- Completed reload, in  0.959 seconds
Platform modules already initialized, skipping
Refreshing native plugins compatible for Editor in 0.15 ms, found 0 plugins.
Preloading 0 native plugins for Editor in 0.00 ms.
Unloading 372 Unused Serialized files (Serialized files now loaded: 0)
System memory in use before: 41.1 MB.
System memory in use after: 41.2 MB.

Unloading 2 unused Assets to reduce memory usage. Loaded Objects now: 836.
Total: 1.731500 ms (FindLiveObjects: 0.117600 ms CreateObjectMapping: 0.024500 ms MarkObjects: 1.505400 ms  DeleteObjects: 0.082500 ms)

========================================================================
Received Prepare
Registering precompiled user dll's ...
Registered in 0.000156 seconds.
Begin MonoManager ReloadAssembly
Native extension for WindowsStandalone target not found
Refreshing native plugins compatible for Editor in 0.15 ms, found 0 plugins.
Preloading 0 native plugins for Editor in 0.00 ms.
Invoked RoslynAnalysisRunner static constructor.
RoslynAnalysisRunner will not be running.
RoslynAnalysisRunner has terminated.
Mono: successfully reloaded assembly
- Completed reload, in  0.953 seconds
Platform modules already initialized, skipping
Refreshing native plugins compatible for Editor in 0.18 ms, found 0 plugins.
Preloading 0 native plugins for Editor in 0.00 ms.
Unloading 372 Unused Serialized files (Serialized files now loaded: 0)
System memory in use before: 41.1 MB.
System memory in use after: 41.2 MB.

Unloading 2 unused Assets to reduce memory usage. Loaded Objects now: 836.
Total: 1.900800 ms (FindLiveObjects: 0.118300 ms CreateObjectMapping: 0.019000 ms MarkObjects: 1.667700 ms  DeleteObjects: 0.094200 ms)

========================================================================
Received Import Request.
  Time since last request: 117.156496 seconds.
  path: Assets/Scripts/Other/CollisionEvent.cs
  artifactKey: Guid(92439e9993e897e46946649cd64c8765) Importer(815301076,1909f56bfc062723c751e8b465ee728b)
Start importing Assets/Scripts/Other/CollisionEvent.cs using Guid(92439e9993e897e46946649cd64c8765) Importer(815301076,1909f56bfc062723c751e8b465ee728b)  -> (artifact id: '3fc47f95f847ce5cadaf78e86a0470fb') in 0.005713 seconds
  Import took 0.020345 seconds .

========================================================================
Received Prepare
Registering precompiled user dll's ...
Registered in 0.000083 seconds.
Begin MonoManager ReloadAssembly
Native extension for WindowsStandalone target not found
Refreshing native plugins compatible for Editor in 0.15 ms, found 0 plugins.
Preloading 0 native plugins for Editor in 0.00 ms.
Invoked RoslynAnalysisRunner static constructor.
RoslynAnalysisRunner will not be running.
RoslynAnalysisRunner has terminated.
Mono: successfully reloaded assembly
- Completed reload, in  1.046 seconds
Platform modules already initialized, skipping
Refreshing native plugins compatible for Editor in 0.15 ms, found 0 plugins.
Preloading 0 native plugins for Editor in 0.00 ms.
Unloading 371 Unused Serialized files (Serialized files now loaded: 0)
System memory in use before: 41.1 MB.
System memory in use after: 41.1 MB.

Unloading 3 unused Assets to reduce memory usage. Loaded Objects now: 835.
Total: 1.709900 ms (FindLiveObjects: 0.175000 ms CreateObjectMapping: 0.032700 ms MarkObjects: 1.436600 ms  DeleteObjects: 0.063900 ms)

========================================================================
Received Prepare
Registering precompiled user dll's ...
Registered in 0.000121 seconds.
Begin MonoManager ReloadAssembly
Native extension for WindowsStandalone target not found
Refreshing native plugins compatible for Editor in 0.16 ms, found 0 plugins.
Preloading 0 native plugins for Editor in 0.00 ms.
Invoked RoslynAnalysisRunner static constructor.
RoslynAnalysisRunner will not be running.
RoslynAnalysisRunner has terminated.
Mono: successfully reloaded assembly
- Completed reload, in  0.939 seconds
Platform modules already initialized, skipping
Refreshing native plugins compatible for Editor in 0.16 ms, found 0 plugins.
Preloading 0 native plugins for Editor in 0.00 ms.
Unloading 372 Unused Serialized files (Serialized files now loaded: 0)
System memory in use before: 41.2 MB.
System memory in use after: 41.2 MB.

Unloading 2 unused Assets to reduce memory usage. Loaded Objects now: 836.
Total: 1.845500 ms (FindLiveObjects: 0.112800 ms CreateObjectMapping: 0.019300 ms MarkObjects: 1.650500 ms  DeleteObjects: 0.061600 ms)

========================================================================
Received Import Request.
  Time since last request: 105.582347 seconds.
  path: Assets/Scripts/Other/CollisionEvent.cs
  artifactKey: Guid(92439e9993e897e46946649cd64c8765) Importer(815301076,1909f56bfc062723c751e8b465ee728b)
Start importing Assets/Scripts/Other/CollisionEvent.cs using Guid(92439e9993e897e46946649cd64c8765) Importer(815301076,1909f56bfc062723c751e8b465ee728b)  -> (artifact id: '00d87185f9840e78b9a0742ed78ab74f') in 0.005024 seconds
  Import took 0.027053 seconds .

========================================================================
Received Prepare
Registering precompiled user dll's ...
Registered in 0.000150 seconds.
Begin MonoManager ReloadAssembly
Native extension for WindowsStandalone target not found
Refreshing native plugins compatible for Editor in 0.15 ms, found 0 plugins.
Preloading 0 native plugins for Editor in 0.00 ms.
Invoked RoslynAnalysisRunner static constructor.
RoslynAnalysisRunner will not be running.
RoslynAnalysisRunner has terminated.
Mono: successfully reloaded assembly
- Completed reload, in  0.935 seconds
Platform modules already initialized, skipping
Refreshing native plugins compatible for Editor in 0.17 ms, found 0 plugins.
Preloading 0 native plugins for Editor in 0.00 ms.
Unloading 372 Unused Serialized files (Serialized files now loaded: 0)
System memory in use before: 41.2 MB.
System memory in use after: 41.2 MB.

Unloading 2 unused Assets to reduce memory usage. Loaded Objects now: 836.
Total: 1.701800 ms (FindLiveObjects: 0.089200 ms CreateObjectMapping: 0.021400 ms MarkObjects: 1.521600 ms  DeleteObjects: 0.067900 ms)

AssetImportWorkerClient::OnTransportError - code=2 error=End of file
