Using pre-set license
Built from '2020.2/staging' branch; Version is '2020.2.3f1 (8ff31bc5bf5b) revision 9433883'; Using compiler version '192528614'; Build Type 'Release'
OS: 'Windows 10 Home Single Language; OS build 19042.746; Version 2009; 64bit' Language: 'ru' Physical Memory: 8084 MB
BatchMode: 1, IsHumanControllingUs: 0, StartBugReporterOnCrash: 0, Is64bit: 1, IsPro: 0

 COMMAND LINE ARGUMENTS:
C:\Program Files\Unity\Hub\Editor\2020.2.3f1\Editor\Unity.exe
-adb2
-batchMode
-noUpm
-name
AssetImportWorker0
-projectPath
C:/Users/mamae/Desktop/Unity/Snake
-logFile
Logs/AssetImportWorker0.log
-srvPort
61445
Successfully changed project path to: C:/Users/mamae/Desktop/Unity/Snake
C:/Users/mamae/Desktop/Unity/Snake
Using Asset Import Pipeline V2.
Refreshing native plugins compatible for Editor in 8.50 ms, found 0 plugins.
Preloading 0 native plugins for Editor in 0.00 ms.
Initialize engine version: 2020.2.3f1 (8ff31bc5bf5b)
[Subsystems] Discovering subsystems at path C:/Program Files/Unity/Hub/Editor/2020.2.3f1/Editor/Data/Resources/UnitySubsystems
[Subsystems] Discovering subsystems at path C:/Users/mamae/Desktop/Unity/Snake/Assets
GfxDevice: creating device client; threaded=0
Direct3D:
    Version:  Direct3D 11.0 [level 11.1]
    Renderer: Intel(R) HD Graphics 630 (ID=0x591b)
    Vendor:   
    VRAM:     4042 MB
    Driver:   27.20.100.8681
Initialize mono
Mono path[0] = 'C:/Program Files/Unity/Hub/Editor/2020.2.3f1/Editor/Data/Managed'
Mono path[1] = 'C:/Program Files/Unity/Hub/Editor/2020.2.3f1/Editor/Data/MonoBleedingEdge/lib/mono/unityjit'
Mono config path = 'C:/Program Files/Unity/Hub/Editor/2020.2.3f1/Editor/Data/MonoBleedingEdge/etc'
Using monoOptions --debugger-agent=transport=dt_socket,embedding=1,server=y,suspend=n,address=127.0.0.1:56092
Begin MonoManager ReloadAssembly
Registering precompiled unity dll's ...
Register platform support module: C:/Program Files/Unity/Hub/Editor/2020.2.3f1/Editor/Data/PlaybackEngines/WindowsStandaloneSupport/UnityEditor.WindowsStandalone.Extensions.dll
Registered in 0.003500 seconds.
Native extension for WindowsStandalone target not found
Refreshing native plugins compatible for Editor in 7.44 ms, found 0 plugins.
Preloading 0 native plugins for Editor in 0.00 ms.
Invoked RoslynAnalysisRunner static constructor.
RoslynAnalysisRunner will not be running.
RoslynAnalysisRunner has terminated.
Mono: successfully reloaded assembly
- Completed reload, in  3.232 seconds
Platform modules already initialized, skipping
Registering precompiled user dll's ...
Registered in 0.000065 seconds.
Begin MonoManager ReloadAssembly
Native extension for WindowsStandalone target not found
Refreshing native plugins compatible for Editor in 0.09 ms, found 0 plugins.
Preloading 0 native plugins for Editor in 0.00 ms.
Invoked RoslynAnalysisRunner static constructor.
RoslynAnalysisRunner will not be running.
RoslynAnalysisRunner has terminated.
Mono: successfully reloaded assembly
- Completed reload, in  1.088 seconds
Platform modules already initialized, skipping
========================================================================
Worker process is ready to serve import requests
Launched and connected shader compiler UnityShaderCompiler.exe after 0.07 seconds
Refreshing native plugins compatible for Editor in 0.08 ms, found 0 plugins.
Preloading 0 native plugins for Editor in 0.00 ms.
Unloading 363 Unused Serialized files (Serialized files now loaded: 0)
System memory in use before: 36.4 MB.
System memory in use after: 36.4 MB.

Unloading 3 unused Assets to reduce memory usage. Loaded Objects now: 801.
Total: 1.988100 ms (FindLiveObjects: 0.068700 ms CreateObjectMapping: 0.012800 ms MarkObjects: 1.824100 ms  DeleteObjects: 0.081100 ms)

========================================================================
Received Import Request.
  path: Assets/Scripts
  artifactKey: Guid(1fedf57f700299145bed76a2e80481be) Importer(815301076,1909f56bfc062723c751e8b465ee728b)
Start importing Assets/Scripts using Guid(1fedf57f700299145bed76a2e80481be) Importer(815301076,1909f56bfc062723c751e8b465ee728b)  -> (artifact id: 'a64f97de13df55b3e743b4191b2ac7fb') in 0.017191 seconds
  Import took 0.019006 seconds .

========================================================================
Received Import Request.
  Time since last request: 0.000403 seconds.
  path: Assets/Scripts/Snake
  artifactKey: Guid(10fd5f253f98a1048a025793748b776b) Importer(815301076,1909f56bfc062723c751e8b465ee728b)
Start importing Assets/Scripts/Snake using Guid(10fd5f253f98a1048a025793748b776b) Importer(815301076,1909f56bfc062723c751e8b465ee728b)  -> (artifact id: '0598581162dd2018dd6b775ade9d0d6f') in 0.012105 seconds
  Import took 0.013363 seconds .

========================================================================
Received Import Request.
  Time since last request: 0.000437 seconds.
  path: Assets/Scenes/Level.unity
  artifactKey: Guid(be8fcdd80d92737469c79e43186e34f0) Importer(815301076,1909f56bfc062723c751e8b465ee728b)
Start importing Assets/Scenes/Level.unity using Guid(be8fcdd80d92737469c79e43186e34f0) Importer(815301076,1909f56bfc062723c751e8b465ee728b)  -> (artifact id: 'e2e64e074d32224f2b6ce7d122d72924') in 0.020339 seconds
  Import took 0.021294 seconds .

========================================================================
Received Prepare
Registering precompiled user dll's ...
Registered in 0.000055 seconds.
Begin MonoManager ReloadAssembly
Native extension for WindowsStandalone target not found
Refreshing native plugins compatible for Editor in 0.10 ms, found 0 plugins.
Preloading 0 native plugins for Editor in 0.00 ms.
Invoked RoslynAnalysisRunner static constructor.
RoslynAnalysisRunner will not be running.
RoslynAnalysisRunner has terminated.
Mono: successfully reloaded assembly
- Completed reload, in  1.275 seconds
Platform modules already initialized, skipping
Refreshing native plugins compatible for Editor in 0.10 ms, found 0 plugins.
Preloading 0 native plugins for Editor in 0.00 ms.
Unloading 357 Unused Serialized files (Serialized files now loaded: 0)
System memory in use before: 36.1 MB.
System memory in use after: 36.2 MB.

Unloading 1 unused Assets to reduce memory usage. Loaded Objects now: 801.
Total: 2.782200 ms (FindLiveObjects: 0.072200 ms CreateObjectMapping: 0.022400 ms MarkObjects: 2.669100 ms  DeleteObjects: 0.016900 ms)

========================================================================
Received Import Request.
  Time since last request: 195.997760 seconds.
  path: Assets/Scripts/Snake/NewBehaviourScript.cs
  artifactKey: Guid(13aaa3a8cf67ab746b94efd9df95bc0f) Importer(815301076,1909f56bfc062723c751e8b465ee728b)
Start importing Assets/Scripts/Snake/NewBehaviourScript.cs using Guid(13aaa3a8cf67ab746b94efd9df95bc0f) Importer(815301076,1909f56bfc062723c751e8b465ee728b)  -> (artifact id: 'd73df2196aced34d89342de30239177f') in 0.075322 seconds
  Import took 0.076744 seconds .

========================================================================
Received Prepare
Registering precompiled user dll's ...
Registered in 0.000047 seconds.
Begin MonoManager ReloadAssembly
Native extension for WindowsStandalone target not found
Refreshing native plugins compatible for Editor in 0.09 ms, found 0 plugins.
Preloading 0 native plugins for Editor in 0.00 ms.
Invoked RoslynAnalysisRunner static constructor.
RoslynAnalysisRunner will not be running.
RoslynAnalysisRunner has terminated.
Mono: successfully reloaded assembly
- Completed reload, in  1.467 seconds
Platform modules already initialized, skipping
Refreshing native plugins compatible for Editor in 0.10 ms, found 0 plugins.
Preloading 0 native plugins for Editor in 0.00 ms.
Unloading 358 Unused Serialized files (Serialized files now loaded: 0)
System memory in use before: 36.1 MB.
System memory in use after: 36.2 MB.

Unloading 1 unused Assets to reduce memory usage. Loaded Objects now: 802.
Total: 2.476900 ms (FindLiveObjects: 0.084900 ms CreateObjectMapping: 0.017100 ms MarkObjects: 2.359800 ms  DeleteObjects: 0.013300 ms)

========================================================================
Received Import Request.
  Time since last request: 7.022871 seconds.
  path: Assets/Scripts/Snake/SnakeMover.cs
  artifactKey: Guid(0e5fda43170304c4e9a2d5a522698919) Importer(815301076,1909f56bfc062723c751e8b465ee728b)
Start importing Assets/Scripts/Snake/SnakeMover.cs using Guid(0e5fda43170304c4e9a2d5a522698919) Importer(815301076,1909f56bfc062723c751e8b465ee728b)  -> (artifact id: 'a378f8e1d2ed9ea9cc561b0ae761d4b3') in 0.028155 seconds
  Import took 0.029098 seconds .

========================================================================
Received Import Request.
  Time since last request: 0.020196 seconds.
  path: Assets/Scripts/Snake/SnakeMover.cs
  artifactKey: Guid(0e5fda43170304c4e9a2d5a522698919) Importer(815301076,1909f56bfc062723c751e8b465ee728b)
Start importing Assets/Scripts/Snake/SnakeMover.cs using Guid(0e5fda43170304c4e9a2d5a522698919) Importer(815301076,1909f56bfc062723c751e8b465ee728b)  -> (artifact id: 'a378f8e1d2ed9ea9cc561b0ae761d4b3') in 0.017137 seconds
  Import took 0.018325 seconds .

========================================================================
Received Prepare
Registering precompiled user dll's ...
Registered in 0.000074 seconds.
Begin MonoManager ReloadAssembly
Native extension for WindowsStandalone target not found
Refreshing native plugins compatible for Editor in 0.10 ms, found 0 plugins.
Preloading 0 native plugins for Editor in 0.00 ms.
Invoked RoslynAnalysisRunner static constructor.
RoslynAnalysisRunner will not be running.
RoslynAnalysisRunner has terminated.
Mono: successfully reloaded assembly
- Completed reload, in  1.224 seconds
Platform modules already initialized, skipping
Refreshing native plugins compatible for Editor in 0.23 ms, found 0 plugins.
Preloading 0 native plugins for Editor in 0.00 ms.
Unloading 357 Unused Serialized files (Serialized files now loaded: 0)
System memory in use before: 36.2 MB.
System memory in use after: 36.2 MB.

Unloading 2 unused Assets to reduce memory usage. Loaded Objects now: 801.
Total: 2.817100 ms (FindLiveObjects: 0.077500 ms CreateObjectMapping: 0.014500 ms MarkObjects: 2.709000 ms  DeleteObjects: 0.014700 ms)

========================================================================
Received Import Request.
  Time since last request: 28.758949 seconds.
  path: Assets/Scripts/Snake/SnakeSpawner.cs
  artifactKey: Guid(2d412b9b2a4446d41afd6dc96ce63530) Importer(815301076,1909f56bfc062723c751e8b465ee728b)
Start importing Assets/Scripts/Snake/SnakeSpawner.cs using Guid(2d412b9b2a4446d41afd6dc96ce63530) Importer(815301076,1909f56bfc062723c751e8b465ee728b)  -> (artifact id: 'd45eb61892c8b6463d483f11e9cd2c05') in 0.025239 seconds
  Import took 0.028866 seconds .

========================================================================
Received Import Request.
  Time since last request: 914.630298 seconds.
  path: Assets/Scripts/Snake/SnakeSpawner.cs
  artifactKey: Guid(2d412b9b2a4446d41afd6dc96ce63530) Importer(815301076,1909f56bfc062723c751e8b465ee728b)
Start importing Assets/Scripts/Snake/SnakeSpawner.cs using Guid(2d412b9b2a4446d41afd6dc96ce63530) Importer(815301076,1909f56bfc062723c751e8b465ee728b)  -> (artifact id: '3cdd3e5525cd0a5c4aa073fa2729bb45') in 0.015364 seconds
  Import took 0.017859 seconds .

AssetImportWorkerClient::OnTransportError - code=2 error=End of file
